#
# There is insufficient memory for the Java Runtime Environment to continue.
# Native memory allocation (malloc) failed to allocate 1713616 bytes for Chunk::new
# Possible reasons:
#   The system is out of physical RAM or swap space
#   The process is running with CompressedOops enabled, and the Java Heap may be blocking the growth of the native heap
# Possible solutions:
#   Reduce memory load on the system
#   Increase physical memory or swap space
#   Check if swap backing store is full
#   Decrease Java heap size (-Xmx/-Xms)
#   Decrease number of Java threads
#   Decrease Java thread stack sizes (-Xss)
#   Set larger code cache with -XX:ReservedCodeCacheSize=
#   JVM is running with Zero Based Compressed Oops mode in which the Java heap is
#     placed in the first 32GB address space. The Java Heap base address is the
#     maximum limit for the native heap growth. Please use -XX:HeapBaseMinAddress
#     to set the Java Heap base and to place the Java Heap above 32GB virtual address.
# This output file may be truncated or incomplete.
#
#  Out of Memory Error (c:/BuildAgent/work/5ff2f6c26000d570/src/hotspot/share/memory/arena.cpp:197), pid=6224, tid=20896
#
# JRE version: OpenJDK Runtime Environment (11.0.4+10) (build 11.0.4+10-b304.69)
# Java VM: OpenJDK 64-Bit Server VM (11.0.4+10-b304.69, mixed mode, sharing, tiered, compressed oops, g1 gc, windows-amd64)
# No core dump will be written. Minidumps are not enabled by default on client versions of Windows
#

---------------  S U M M A R Y ------------

Command Line: -ea -Didea.test.cyclic.buffer.size=1048576 -javaagent:C:\Program Files\JetBrains\IntelliJ IDEA Community Edition 2019.2.3\lib\idea_rt.jar=51238:C:\Program Files\JetBrains\IntelliJ IDEA Community Edition 2019.2.3\bin -Dfile.encoding=UTF-8 com.intellij.rt.execution.junit.JUnitStarter -ideVersion5 -junit5 no.henrik.insurance.example.controller.InsuranceControllerUnitTest,shouldTestExceptionWhenCreatingCustomer

Host: Intel(R) Core(TM) i7-7820HQ CPU @ 2.90GHz, 8 cores, 15G,  Windows 10 , 64 bit Build 18362 (10.0.18362.329)
Time: Tue Nov 26 21:27:06 2019 Vest-Europa (normaltid) elapsed time: 3 seconds (0d 0h 0m 3s)

---------------  T H R E A D  ---------------

Current thread (0x000002033d0f0800):  JavaThread "C2 CompilerThread1" daemon [_thread_in_native, id=20896, stack(0x000000da56200000,0x000000da56300000)]


Current CompileTask:
C2:   3469 3562   !   4       jdk.internal.loader.BuiltinClassLoader::findClassOnClassPathOrNull (64 bytes)

Stack: [0x000000da56200000,0x000000da56300000]
Native frames: (J=compiled Java code, j=interpreted, Vv=VM code, C=native code)
V  [jvm.dll+0x5db31a]
V  [jvm.dll+0x70c395]
V  [jvm.dll+0x70d8b8]
V  [jvm.dll+0x70df83]
V  [jvm.dll+0x23dbb8]
V  [jvm.dll+0xb91fc]
V  [jvm.dll+0xb96fc]
V  [jvm.dll+0x34f40d]
V  [jvm.dll+0x19456c]
V  [jvm.dll+0x1f793e]
V  [jvm.dll+0x1f6a04]
V  [jvm.dll+0x17fd7c]
V  [jvm.dll+0x204d17]
V  [jvm.dll+0x2035b2]
V  [jvm.dll+0x6d956f]
V  [jvm.dll+0x6d236d]
V  [jvm.dll+0x5da5e6]
C  [ucrtbase.dll+0x1d9f2]
C  [KERNEL32.DLL+0x17bd4]
C  [ntdll.dll+0x6cee1]


---------------  P R O C E S S  ---------------

Threads class SMR info:
_java_thread_list=0x000002033e37af60, length=13, elements={
0x000002031c36b000, 0x000002033bfbd800, 0x000002033bfc1000, 0x000002033bfd8000,
0x000002033bfd9000, 0x000002033bfdd800, 0x000002033c874000, 0x000002033c87d800,
0x000002033c870800, 0x000002033caa7800, 0x000002033caa8800, 0x000002033d0f0800,
0x000002033e4b6000
}

Java Threads: ( => current thread )
  0x000002031c36b000 JavaThread "main" [_thread_in_native, id=12492, stack(0x000000da55000000,0x000000da55100000)]
  0x000002033bfbd800 JavaThread "Reference Handler" daemon [_thread_blocked, id=1456, stack(0x000000da55700000,0x000000da55800000)]
  0x000002033bfc1000 JavaThread "Finalizer" daemon [_thread_blocked, id=21284, stack(0x000000da55800000,0x000000da55900000)]
  0x000002033bfd8000 JavaThread "Signal Dispatcher" daemon [_thread_blocked, id=21972, stack(0x000000da55900000,0x000000da55a00000)]
  0x000002033bfd9000 JavaThread "Attach Listener" daemon [_thread_blocked, id=18320, stack(0x000000da55a00000,0x000000da55b00000)]
  0x000002033bfdd800 JavaThread "C2 CompilerThread0" daemon [_thread_in_native, id=12516, stack(0x000000da55b00000,0x000000da55c00000)]
  0x000002033c874000 JavaThread "C1 CompilerThread0" daemon [_thread_blocked, id=9524, stack(0x000000da55c00000,0x000000da55d00000)]
  0x000002033c87d800 JavaThread "Sweeper thread" daemon [_thread_blocked, id=16640, stack(0x000000da55d00000,0x000000da55e00000)]
  0x000002033c870800 JavaThread "Common-Cleaner" daemon [_thread_blocked, id=17504, stack(0x000000da55e00000,0x000000da55f00000)]
  0x000002033caa7800 JavaThread "Monitor Ctrl-Break" daemon [_thread_in_native, id=11884, stack(0x000000da55f00000,0x000000da56000000)]
  0x000002033caa8800 JavaThread "Service Thread" daemon [_thread_blocked, id=22480, stack(0x000000da56000000,0x000000da56100000)]
=>0x000002033d0f0800 JavaThread "C2 CompilerThread1" daemon [_thread_in_native, id=20896, stack(0x000000da56200000,0x000000da56300000)]
  0x000002033e4b6000 JavaThread "C2 CompilerThread2" daemon [_thread_blocked, id=13412, stack(0x000000da56900000,0x000000da56a00000)]

Other Threads:
  0x000002033bfb9800 VMThread "VM Thread" [stack: 0x000000da55600000,0x000000da55700000] [id=19628]
  0x000002033cb31800 WatcherThread [stack: 0x000000da56100000,0x000000da56200000] [id=7224]
  0x000002031c382800 GCTaskThread "GC Thread#0" [stack: 0x000000da55100000,0x000000da55200000] [id=2236]
  0x000002033d463000 GCTaskThread "GC Thread#1" [stack: 0x000000da56300000,0x000000da56400000] [id=12704]
  0x000002033d4dc000 GCTaskThread "GC Thread#2" [stack: 0x000000da56400000,0x000000da56500000] [id=15312]
  0x000002033d4dc800 GCTaskThread "GC Thread#3" [stack: 0x000000da56500000,0x000000da56600000] [id=8672]
  0x000002033d4e7800 GCTaskThread "GC Thread#4" [stack: 0x000000da56600000,0x000000da56700000] [id=16964]
  0x000002033d4e8000 GCTaskThread "GC Thread#5" [stack: 0x000000da56700000,0x000000da56800000] [id=21464]
  0x000002031c3e0000 ConcurrentGCThread "G1 Main Marker" [stack: 0x000000da55200000,0x000000da55300000] [id=19556]
  0x000002031c3e2800 ConcurrentGCThread "G1 Conc#0" [stack: 0x000000da55300000,0x000000da55400000] [id=7276]
  0x000002033e384800 ConcurrentGCThread "G1 Conc#1" [stack: 0x000000da56a00000,0x000000da56b00000] [id=14828]
  0x000002033bed0800 ConcurrentGCThread "G1 Refine#0" [stack: 0x000000da55400000,0x000000da55500000] [id=17724]
  0x000002033bed1800 ConcurrentGCThread "G1 Young RemSet Sampling" [stack: 0x000000da55500000,0x000000da55600000] [id=22332]

Threads with active compile tasks:
C2 CompilerThread03529       4       org.springframework.beans.factory.support.AbstractBeanFactory::isTypeMatch (607 bytes)
C2 CompilerThread13562   !   4       jdk.internal.loader.BuiltinClassLoader::findClassOnClassPathOrNull (64 bytes)

VM state:not at safepoint (normal execution)

VM Mutex/Monitor currently owned by a thread: None

Heap address: 0x0000000701e00000, size: 4066 MB, Compressed Oops mode: Zero based, Oop shift amount: 3
Narrow klass base: 0x0000000800000000, Narrow klass shift: 3
Compressed class space size: 1073741824 Address: 0x0000000840000000

Heap:
 garbage-first heap   total 262144K, used 43090K [0x0000000701e00000, 0x0000000800000000)
  region size 1024K, 33 young (33792K), 4 survivors (4096K)
 Metaspace       used 33269K, capacity 34452K, committed 34560K, reserved 1079296K
  class space    used 4584K, capacity 5043K, committed 5120K, reserved 1048576K
Heap Regions: E=young(eden), S=young(survivor), O=old, HS=humongous(starts), HC=humongous(continues), CS=collection set, F=free, A=archive, TAMS=top-at-mark-start (previous, next)
|   0|0x0000000701e00000, 0x0000000701f00000, 0x0000000701f00000|100%| O|  |TAMS 0x0000000701f00000, 0x0000000701e00000| Untracked 
|   1|0x0000000701f00000, 0x0000000702000000, 0x0000000702000000|100%| O|  |TAMS 0x0000000702000000, 0x0000000701f00000| Untracked 
|   2|0x0000000702000000, 0x0000000702100000, 0x0000000702100000|100%| O|  |TAMS 0x00000007020e4600, 0x0000000702000000| Untracked 
|   3|0x0000000702100000, 0x0000000702200000, 0x0000000702200000|100%| O|  |TAMS 0x0000000702100000, 0x0000000702100000| Untracked 
|   4|0x0000000702200000, 0x0000000702300000, 0x0000000702300000|100%| O|  |TAMS 0x0000000702200000, 0x0000000702200000| Untracked 
|   5|0x0000000702300000, 0x0000000702400000, 0x0000000702400000|100%| O|  |TAMS 0x0000000702300000, 0x0000000702300000| Untracked 
|   6|0x0000000702400000, 0x0000000702500000, 0x0000000702500000|100%| O|  |TAMS 0x0000000702400000, 0x0000000702400000| Untracked 
|   7|0x0000000702500000, 0x0000000702600000, 0x0000000702600000|100%| O|  |TAMS 0x0000000702500000, 0x0000000702500000| Untracked 
|   8|0x0000000702600000, 0x0000000702700000, 0x0000000702700000|100%| O|  |TAMS 0x0000000702600000, 0x0000000702600000| Untracked 
|   9|0x0000000702700000, 0x0000000702800000, 0x0000000702800000|100%| O|  |TAMS 0x0000000702700000, 0x0000000702700000| Untracked 
|  10|0x0000000702800000, 0x000000070289cc00, 0x0000000702900000| 61%| O|  |TAMS 0x0000000702800000, 0x0000000702800000| Untracked 
|  11|0x0000000702900000, 0x0000000702900000, 0x0000000702a00000|  0%| F|  |TAMS 0x0000000702900000, 0x0000000702900000| Untracked 
|  12|0x0000000702a00000, 0x0000000702a00000, 0x0000000702b00000|  0%| F|  |TAMS 0x0000000702a00000, 0x0000000702a00000| Untracked 
|  13|0x0000000702b00000, 0x0000000702b00000, 0x0000000702c00000|  0%| F|  |TAMS 0x0000000702b00000, 0x0000000702b00000| Untracked 
|  14|0x0000000702c00000, 0x0000000702c00000, 0x0000000702d00000|  0%| F|  |TAMS 0x0000000702c00000, 0x0000000702c00000| Untracked 
|  15|0x0000000702d00000, 0x0000000702d00000, 0x0000000702e00000|  0%| F|  |TAMS 0x0000000702d00000, 0x0000000702d00000| Untracked 
|  16|0x0000000702e00000, 0x0000000702e00000, 0x0000000702f00000|  0%| F|  |TAMS 0x0000000702e00000, 0x0000000702e00000| Untracked 
|  17|0x0000000702f00000, 0x0000000702f00000, 0x0000000703000000|  0%| F|  |TAMS 0x0000000702f00000, 0x0000000702f00000| Untracked 
|  18|0x0000000703000000, 0x0000000703000000, 0x0000000703100000|  0%| F|  |TAMS 0x0000000703000000, 0x0000000703000000| Untracked 
|  19|0x0000000703100000, 0x0000000703100000, 0x0000000703200000|  0%| F|  |TAMS 0x0000000703100000, 0x0000000703100000| Untracked 
|  20|0x0000000703200000, 0x0000000703200000, 0x0000000703300000|  0%| F|  |TAMS 0x0000000703200000, 0x0000000703200000| Untracked 
|  21|0x0000000703300000, 0x0000000703300000, 0x0000000703400000|  0%| F|  |TAMS 0x0000000703300000, 0x0000000703300000| Untracked 
|  22|0x0000000703400000, 0x0000000703400000, 0x0000000703500000|  0%| F|  |TAMS 0x0000000703400000, 0x0000000703400000| Untracked 
|  23|0x0000000703500000, 0x0000000703500000, 0x0000000703600000|  0%| F|  |TAMS 0x0000000703500000, 0x0000000703500000| Untracked 
|  24|0x0000000703600000, 0x0000000703600000, 0x0000000703700000|  0%| F|  |TAMS 0x0000000703600000, 0x0000000703600000| Untracked 
|  25|0x0000000703700000, 0x0000000703700000, 0x0000000703800000|  0%| F|  |TAMS 0x0000000703700000, 0x0000000703700000| Untracked 
|  26|0x0000000703800000, 0x0000000703800000, 0x0000000703900000|  0%| F|  |TAMS 0x0000000703800000, 0x0000000703800000| Untracked 
|  27|0x0000000703900000, 0x0000000703900000, 0x0000000703a00000|  0%| F|  |TAMS 0x0000000703900000, 0x0000000703900000| Untracked 
|  28|0x0000000703a00000, 0x0000000703a00000, 0x0000000703b00000|  0%| F|  |TAMS 0x0000000703a00000, 0x0000000703a00000| Untracked 
|  29|0x0000000703b00000, 0x0000000703b00000, 0x0000000703c00000|  0%| F|  |TAMS 0x0000000703b00000, 0x0000000703b00000| Untracked 
|  30|0x0000000703c00000, 0x0000000703c00000, 0x0000000703d00000|  0%| F|  |TAMS 0x0000000703c00000, 0x0000000703c00000| Untracked 
|  31|0x0000000703d00000, 0x0000000703d00000, 0x0000000703e00000|  0%| F|  |TAMS 0x0000000703d00000, 0x0000000703d00000| Untracked 
|  32|0x0000000703e00000, 0x0000000703e00000, 0x0000000703f00000|  0%| F|  |TAMS 0x0000000703e00000, 0x0000000703e00000| Untracked 
|  33|0x0000000703f00000, 0x0000000703f00000, 0x0000000704000000|  0%| F|  |TAMS 0x0000000703f00000, 0x0000000703f00000| Untracked 
|  34|0x0000000704000000, 0x0000000704000000, 0x0000000704100000|  0%| F|  |TAMS 0x0000000704000000, 0x0000000704000000| Untracked 
|  35|0x0000000704100000, 0x0000000704100000, 0x0000000704200000|  0%| F|  |TAMS 0x0000000704100000, 0x0000000704100000| Untracked 
|  36|0x0000000704200000, 0x0000000704200000, 0x0000000704300000|  0%| F|  |TAMS 0x0000000704200000, 0x0000000704200000| Untracked 
|  37|0x0000000704300000, 0x0000000704300000, 0x0000000704400000|  0%| F|  |TAMS 0x0000000704300000, 0x0000000704300000| Untracked 
|  38|0x0000000704400000, 0x0000000704400000, 0x0000000704500000|  0%| F|  |TAMS 0x0000000704400000, 0x0000000704400000| Untracked 
|  39|0x0000000704500000, 0x0000000704500000, 0x0000000704600000|  0%| F|  |TAMS 0x0000000704500000, 0x0000000704500000| Untracked 
|  40|0x0000000704600000, 0x0000000704600000, 0x0000000704700000|  0%| F|  |TAMS 0x0000000704600000, 0x0000000704600000| Untracked 
|  41|0x0000000704700000, 0x0000000704700000, 0x0000000704800000|  0%| F|  |TAMS 0x0000000704700000, 0x0000000704700000| Untracked 
|  42|0x0000000704800000, 0x0000000704800000, 0x0000000704900000|  0%| F|  |TAMS 0x0000000704800000, 0x0000000704800000| Untracked 
|  43|0x0000000704900000, 0x0000000704900000, 0x0000000704a00000|  0%| F|  |TAMS 0x0000000704900000, 0x0000000704900000| Untracked 
|  44|0x0000000704a00000, 0x0000000704a00000, 0x0000000704b00000|  0%| F|  |TAMS 0x0000000704a00000, 0x0000000704a00000| Untracked 
|  45|0x0000000704b00000, 0x0000000704b00000, 0x0000000704c00000|  0%| F|  |TAMS 0x0000000704b00000, 0x0000000704b00000| Untracked 
|  46|0x0000000704c00000, 0x0000000704c00000, 0x0000000704d00000|  0%| F|  |TAMS 0x0000000704c00000, 0x0000000704c00000| Untracked 
|  47|0x0000000704d00000, 0x0000000704d00000, 0x0000000704e00000|  0%| F|  |TAMS 0x0000000704d00000, 0x0000000704d00000| Untracked 
|  48|0x0000000704e00000, 0x0000000704e00000, 0x0000000704f00000|  0%| F|  |TAMS 0x0000000704e00000, 0x0000000704e00000| Untracked 
|  49|0x0000000704f00000, 0x0000000704f00000, 0x0000000705000000|  0%| F|  |TAMS 0x0000000704f00000, 0x0000000704f00000| Untracked 
|  50|0x0000000705000000, 0x0000000705000000, 0x0000000705100000|  0%| F|  |TAMS 0x0000000705000000, 0x0000000705000000| Untracked 
|  51|0x0000000705100000, 0x0000000705100000, 0x0000000705200000|  0%| F|  |TAMS 0x0000000705100000, 0x0000000705100000| Untracked 
|  52|0x0000000705200000, 0x0000000705200000, 0x0000000705300000|  0%| F|  |TAMS 0x0000000705200000, 0x0000000705200000| Untracked 
|  53|0x0000000705300000, 0x0000000705300000, 0x0000000705400000|  0%| F|  |TAMS 0x0000000705300000, 0x0000000705300000| Untracked 
|  54|0x0000000705400000, 0x0000000705400000, 0x0000000705500000|  0%| F|  |TAMS 0x0000000705400000, 0x0000000705400000| Untracked 
|  55|0x0000000705500000, 0x0000000705500000, 0x0000000705600000|  0%| F|  |TAMS 0x0000000705500000, 0x0000000705500000| Untracked 
|  56|0x0000000705600000, 0x0000000705600000, 0x0000000705700000|  0%| F|  |TAMS 0x0000000705600000, 0x0000000705600000| Untracked 
|  57|0x0000000705700000, 0x0000000705700000, 0x0000000705800000|  0%| F|  |TAMS 0x0000000705700000, 0x0000000705700000| Untracked 
|  58|0x0000000705800000, 0x0000000705800000, 0x0000000705900000|  0%| F|  |TAMS 0x0000000705800000, 0x0000000705800000| Untracked 
|  59|0x0000000705900000, 0x0000000705900000, 0x0000000705a00000|  0%| F|  |TAMS 0x0000000705900000, 0x0000000705900000| Untracked 
|  60|0x0000000705a00000, 0x0000000705a00000, 0x0000000705b00000|  0%| F|  |TAMS 0x0000000705a00000, 0x0000000705a00000| Untracked 
|  61|0x0000000705b00000, 0x0000000705b00000, 0x0000000705c00000|  0%| F|  |TAMS 0x0000000705b00000, 0x0000000705b00000| Untracked 
|  62|0x0000000705c00000, 0x0000000705c00000, 0x0000000705d00000|  0%| F|  |TAMS 0x0000000705c00000, 0x0000000705c00000| Untracked 
|  63|0x0000000705d00000, 0x0000000705d00000, 0x0000000705e00000|  0%| F|  |TAMS 0x0000000705d00000, 0x0000000705d00000| Untracked 
|  64|0x0000000705e00000, 0x0000000705e00000, 0x0000000705f00000|  0%| F|  |TAMS 0x0000000705e00000, 0x0000000705e00000| Untracked 
|  65|0x0000000705f00000, 0x0000000705f00000, 0x0000000706000000|  0%| F|  |TAMS 0x0000000705f00000, 0x0000000705f00000| Untracked 
|  66|0x0000000706000000, 0x0000000706000000, 0x0000000706100000|  0%| F|  |TAMS 0x0000000706000000, 0x0000000706000000| Untracked 
|  67|0x0000000706100000, 0x0000000706100000, 0x0000000706200000|  0%| F|  |TAMS 0x0000000706100000, 0x0000000706100000| Untracked 
|  68|0x0000000706200000, 0x0000000706200000, 0x0000000706300000|  0%| F|  |TAMS 0x0000000706200000, 0x0000000706200000| Untracked 
|  69|0x0000000706300000, 0x0000000706300000, 0x0000000706400000|  0%| F|  |TAMS 0x0000000706300000, 0x0000000706300000| Untracked 
|  70|0x0000000706400000, 0x0000000706400000, 0x0000000706500000|  0%| F|  |TAMS 0x0000000706400000, 0x0000000706400000| Untracked 
|  71|0x0000000706500000, 0x0000000706500000, 0x0000000706600000|  0%| F|  |TAMS 0x0000000706500000, 0x0000000706500000| Untracked 
|  72|0x0000000706600000, 0x0000000706600000, 0x0000000706700000|  0%| F|  |TAMS 0x0000000706600000, 0x0000000706600000| Untracked 
|  73|0x0000000706700000, 0x0000000706700000, 0x0000000706800000|  0%| F|  |TAMS 0x0000000706700000, 0x0000000706700000| Untracked 
|  74|0x0000000706800000, 0x0000000706800000, 0x0000000706900000|  0%| F|  |TAMS 0x0000000706800000, 0x0000000706800000| Untracked 
|  75|0x0000000706900000, 0x0000000706900000, 0x0000000706a00000|  0%| F|  |TAMS 0x0000000706900000, 0x0000000706900000| Untracked 
|  76|0x0000000706a00000, 0x0000000706a00000, 0x0000000706b00000|  0%| F|  |TAMS 0x0000000706a00000, 0x0000000706a00000| Untracked 
|  77|0x0000000706b00000, 0x0000000706b00000, 0x0000000706c00000|  0%| F|  |TAMS 0x0000000706b00000, 0x0000000706b00000| Untracked 
|  78|0x0000000706c00000, 0x0000000706c00000, 0x0000000706d00000|  0%| F|  |TAMS 0x0000000706c00000, 0x0000000706c00000| Untracked 
|  79|0x0000000706d00000, 0x0000000706d00000, 0x0000000706e00000|  0%| F|  |TAMS 0x0000000706d00000, 0x0000000706d00000| Untracked 
|  80|0x0000000706e00000, 0x0000000706e00000, 0x0000000706f00000|  0%| F|  |TAMS 0x0000000706e00000, 0x0000000706e00000| Untracked 
|  81|0x0000000706f00000, 0x0000000706f00000, 0x0000000707000000|  0%| F|  |TAMS 0x0000000706f00000, 0x0000000706f00000| Untracked 
|  82|0x0000000707000000, 0x0000000707000000, 0x0000000707100000|  0%| F|  |TAMS 0x0000000707000000, 0x0000000707000000| Untracked 
|  83|0x0000000707100000, 0x0000000707100000, 0x0000000707200000|  0%| F|  |TAMS 0x0000000707100000, 0x0000000707100000| Untracked 
|  84|0x0000000707200000, 0x0000000707200000, 0x0000000707300000|  0%| F|  |TAMS 0x0000000707200000, 0x0000000707200000| Untracked 
|  85|0x0000000707300000, 0x0000000707300000, 0x0000000707400000|  0%| F|  |TAMS 0x0000000707300000, 0x0000000707300000| Untracked 
|  86|0x0000000707400000, 0x0000000707400000, 0x0000000707500000|  0%| F|  |TAMS 0x0000000707400000, 0x0000000707400000| Untracked 
|  87|0x0000000707500000, 0x0000000707500000, 0x0000000707600000|  0%| F|  |TAMS 0x0000000707500000, 0x0000000707500000| Untracked 
|  88|0x0000000707600000, 0x0000000707600000, 0x0000000707700000|  0%| F|  |TAMS 0x0000000707600000, 0x0000000707600000| Untracked 
|  89|0x0000000707700000, 0x0000000707700000, 0x0000000707800000|  0%| F|  |TAMS 0x0000000707700000, 0x0000000707700000| Untracked 
|  90|0x0000000707800000, 0x0000000707800000, 0x0000000707900000|  0%| F|  |TAMS 0x0000000707800000, 0x0000000707800000| Untracked 
|  91|0x0000000707900000, 0x0000000707900000, 0x0000000707a00000|  0%| F|  |TAMS 0x0000000707900000, 0x0000000707900000| Untracked 
|  92|0x0000000707a00000, 0x0000000707a00000, 0x0000000707b00000|  0%| F|  |TAMS 0x0000000707a00000, 0x0000000707a00000| Untracked 
|  93|0x0000000707b00000, 0x0000000707b00000, 0x0000000707c00000|  0%| F|  |TAMS 0x0000000707b00000, 0x0000000707b00000| Untracked 
|  94|0x0000000707c00000, 0x0000000707c00000, 0x0000000707d00000|  0%| F|  |TAMS 0x0000000707c00000, 0x0000000707c00000| Untracked 
|  95|0x0000000707d00000, 0x0000000707d00000, 0x0000000707e00000|  0%| F|  |TAMS 0x0000000707d00000, 0x0000000707d00000| Untracked 
|  96|0x0000000707e00000, 0x0000000707e00000, 0x0000000707f00000|  0%| F|  |TAMS 0x0000000707e00000, 0x0000000707e00000| Untracked 
|  97|0x0000000707f00000, 0x0000000707f00000, 0x0000000708000000|  0%| F|  |TAMS 0x0000000707f00000, 0x0000000707f00000| Untracked 
|  98|0x0000000708000000, 0x0000000708000000, 0x0000000708100000|  0%| F|  |TAMS 0x0000000708000000, 0x0000000708000000| Untracked 
|  99|0x0000000708100000, 0x0000000708100000, 0x0000000708200000|  0%| F|  |TAMS 0x0000000708100000, 0x0000000708100000| Untracked 
| 100|0x0000000708200000, 0x0000000708200000, 0x0000000708300000|  0%| F|  |TAMS 0x0000000708200000, 0x0000000708200000| Untracked 
| 101|0x0000000708300000, 0x0000000708300000, 0x0000000708400000|  0%| F|  |TAMS 0x0000000708300000, 0x0000000708300000| Untracked 
| 102|0x0000000708400000, 0x0000000708400000, 0x0000000708500000|  0%| F|  |TAMS 0x0000000708400000, 0x0000000708400000| Untracked 
| 103|0x0000000708500000, 0x0000000708500000, 0x0000000708600000|  0%| F|  |TAMS 0x0000000708500000, 0x0000000708500000| Untracked 
| 104|0x0000000708600000, 0x0000000708600000, 0x0000000708700000|  0%| F|  |TAMS 0x0000000708600000, 0x0000000708600000| Untracked 
| 105|0x0000000708700000, 0x0000000708700000, 0x0000000708800000|  0%| F|  |TAMS 0x0000000708700000, 0x0000000708700000| Untracked 
| 106|0x0000000708800000, 0x0000000708800000, 0x0000000708900000|  0%| F|  |TAMS 0x0000000708800000, 0x0000000708800000| Untracked 
| 107|0x0000000708900000, 0x0000000708900000, 0x0000000708a00000|  0%| F|  |TAMS 0x0000000708900000, 0x0000000708900000| Untracked 
| 108|0x0000000708a00000, 0x0000000708a00000, 0x0000000708b00000|  0%| F|  |TAMS 0x0000000708a00000, 0x0000000708a00000| Untracked 
| 109|0x0000000708b00000, 0x0000000708b00000, 0x0000000708c00000|  0%| F|  |TAMS 0x0000000708b00000, 0x0000000708b00000| Untracked 
| 110|0x0000000708c00000, 0x0000000708c00000, 0x0000000708d00000|  0%| F|  |TAMS 0x0000000708c00000, 0x0000000708c00000| Untracked 
| 111|0x0000000708d00000, 0x0000000708d00000, 0x0000000708e00000|  0%| F|  |TAMS 0x0000000708d00000, 0x0000000708d00000| Untracked 
| 112|0x0000000708e00000, 0x0000000708e00000, 0x0000000708f00000|  0%| F|  |TAMS 0x0000000708e00000, 0x0000000708e00000| Untracked 
| 113|0x0000000708f00000, 0x0000000708f00000, 0x0000000709000000|  0%| F|  |TAMS 0x0000000708f00000, 0x0000000708f00000| Untracked 
| 114|0x0000000709000000, 0x0000000709000000, 0x0000000709100000|  0%| F|  |TAMS 0x0000000709000000, 0x0000000709000000| Untracked 
| 115|0x0000000709100000, 0x0000000709100000, 0x0000000709200000|  0%| F|  |TAMS 0x0000000709100000, 0x0000000709100000| Untracked 
| 116|0x0000000709200000, 0x0000000709200000, 0x0000000709300000|  0%| F|  |TAMS 0x0000000709200000, 0x0000000709200000| Untracked 
| 117|0x0000000709300000, 0x0000000709300000, 0x0000000709400000|  0%| F|  |TAMS 0x0000000709300000, 0x0000000709300000| Untracked 
| 118|0x0000000709400000, 0x0000000709400000, 0x0000000709500000|  0%| F|  |TAMS 0x0000000709400000, 0x0000000709400000| Untracked 
| 119|0x0000000709500000, 0x0000000709500000, 0x0000000709600000|  0%| F|  |TAMS 0x0000000709500000, 0x0000000709500000| Untracked 
| 120|0x0000000709600000, 0x0000000709600000, 0x0000000709700000|  0%| F|  |TAMS 0x0000000709600000, 0x0000000709600000| Untracked 
| 121|0x0000000709700000, 0x0000000709700000, 0x0000000709800000|  0%| F|  |TAMS 0x0000000709700000, 0x0000000709700000| Untracked 
| 122|0x0000000709800000, 0x0000000709800000, 0x0000000709900000|  0%| F|  |TAMS 0x0000000709800000, 0x0000000709800000| Untracked 
| 123|0x0000000709900000, 0x0000000709900000, 0x0000000709a00000|  0%| F|  |TAMS 0x0000000709900000, 0x0000000709900000| Untracked 
| 124|0x0000000709a00000, 0x0000000709a00000, 0x0000000709b00000|  0%| F|  |TAMS 0x0000000709a00000, 0x0000000709a00000| Untracked 
| 125|0x0000000709b00000, 0x0000000709b00000, 0x0000000709c00000|  0%| F|  |TAMS 0x0000000709b00000, 0x0000000709b00000| Untracked 
| 126|0x0000000709c00000, 0x0000000709c00000, 0x0000000709d00000|  0%| F|  |TAMS 0x0000000709c00000, 0x0000000709c00000| Untracked 
| 127|0x0000000709d00000, 0x0000000709d00000, 0x0000000709e00000|  0%| F|  |TAMS 0x0000000709d00000, 0x0000000709d00000| Untracked 
| 128|0x0000000709e00000, 0x0000000709e00000, 0x0000000709f00000|  0%| F|  |TAMS 0x0000000709e00000, 0x0000000709e00000| Untracked 
| 129|0x0000000709f00000, 0x0000000709f00000, 0x000000070a000000|  0%| F|  |TAMS 0x0000000709f00000, 0x0000000709f00000| Untracked 
| 130|0x000000070a000000, 0x000000070a000000, 0x000000070a100000|  0%| F|  |TAMS 0x000000070a000000, 0x000000070a000000| Untracked 
| 131|0x000000070a100000, 0x000000070a100000, 0x000000070a200000|  0%| F|  |TAMS 0x000000070a100000, 0x000000070a100000| Untracked 
| 132|0x000000070a200000, 0x000000070a200000, 0x000000070a300000|  0%| F|  |TAMS 0x000000070a200000, 0x000000070a200000| Untracked 
| 133|0x000000070a300000, 0x000000070a300000, 0x000000070a400000|  0%| F|  |TAMS 0x000000070a300000, 0x000000070a300000| Untracked 
| 134|0x000000070a400000, 0x000000070a400000, 0x000000070a500000|  0%| F|  |TAMS 0x000000070a400000, 0x000000070a400000| Untracked 
| 135|0x000000070a500000, 0x000000070a500000, 0x000000070a600000|  0%| F|  |TAMS 0x000000070a500000, 0x000000070a500000| Untracked 
| 136|0x000000070a600000, 0x000000070a600000, 0x000000070a700000|  0%| F|  |TAMS 0x000000070a600000, 0x000000070a600000| Untracked 
| 137|0x000000070a700000, 0x000000070a700000, 0x000000070a800000|  0%| F|  |TAMS 0x000000070a700000, 0x000000070a700000| Untracked 
| 138|0x000000070a800000, 0x000000070a800000, 0x000000070a900000|  0%| F|  |TAMS 0x000000070a800000, 0x000000070a800000| Untracked 
| 139|0x000000070a900000, 0x000000070a900000, 0x000000070aa00000|  0%| F|  |TAMS 0x000000070a900000, 0x000000070a900000| Untracked 
| 140|0x000000070aa00000, 0x000000070aa00000, 0x000000070ab00000|  0%| F|  |TAMS 0x000000070aa00000, 0x000000070aa00000| Untracked 
| 141|0x000000070ab00000, 0x000000070ab00000, 0x000000070ac00000|  0%| F|  |TAMS 0x000000070ab00000, 0x000000070ab00000| Untracked 
| 142|0x000000070ac00000, 0x000000070ac00000, 0x000000070ad00000|  0%| F|  |TAMS 0x000000070ac00000, 0x000000070ac00000| Untracked 
| 143|0x000000070ad00000, 0x000000070ad00000, 0x000000070ae00000|  0%| F|  |TAMS 0x000000070ad00000, 0x000000070ad00000| Untracked 
| 144|0x000000070ae00000, 0x000000070ae00000, 0x000000070af00000|  0%| F|  |TAMS 0x000000070ae00000, 0x000000070ae00000| Untracked 
| 145|0x000000070af00000, 0x000000070af00000, 0x000000070b000000|  0%| F|  |TAMS 0x000000070af00000, 0x000000070af00000| Untracked 
| 146|0x000000070b000000, 0x000000070b000000, 0x000000070b100000|  0%| F|  |TAMS 0x000000070b000000, 0x000000070b000000| Untracked 
| 147|0x000000070b100000, 0x000000070b100000, 0x000000070b200000|  0%| F|  |TAMS 0x000000070b100000, 0x000000070b100000| Untracked 
| 148|0x000000070b200000, 0x000000070b200000, 0x000000070b300000|  0%| F|  |TAMS 0x000000070b200000, 0x000000070b200000| Untracked 
| 149|0x000000070b300000, 0x000000070b300000, 0x000000070b400000|  0%| F|  |TAMS 0x000000070b300000, 0x000000070b300000| Untracked 
| 150|0x000000070b400000, 0x000000070b400000, 0x000000070b500000|  0%| F|  |TAMS 0x000000070b400000, 0x000000070b400000| Untracked 
| 151|0x000000070b500000, 0x000000070b500000, 0x000000070b600000|  0%| F|  |TAMS 0x000000070b500000, 0x000000070b500000| Untracked 
| 152|0x000000070b600000, 0x000000070b600000, 0x000000070b700000|  0%| F|  |TAMS 0x000000070b600000, 0x000000070b600000| Untracked 
| 153|0x000000070b700000, 0x000000070b700000, 0x000000070b800000|  0%| F|  |TAMS 0x000000070b700000, 0x000000070b700000| Untracked 
| 154|0x000000070b800000, 0x000000070b800000, 0x000000070b900000|  0%| F|  |TAMS 0x000000070b800000, 0x000000070b800000| Untracked 
| 155|0x000000070b900000, 0x000000070b900000, 0x000000070ba00000|  0%| F|  |TAMS 0x000000070b900000, 0x000000070b900000| Untracked 
| 156|0x000000070ba00000, 0x000000070ba00000, 0x000000070bb00000|  0%| F|  |TAMS 0x000000070ba00000, 0x000000070ba00000| Untracked 
| 157|0x000000070bb00000, 0x000000070bb00000, 0x000000070bc00000|  0%| F|  |TAMS 0x000000070bb00000, 0x000000070bb00000| Untracked 
| 158|0x000000070bc00000, 0x000000070bc00000, 0x000000070bd00000|  0%| F|  |TAMS 0x000000070bc00000, 0x000000070bc00000| Untracked 
| 159|0x000000070bd00000, 0x000000070bd00000, 0x000000070be00000|  0%| F|  |TAMS 0x000000070bd00000, 0x000000070bd00000| Untracked 
| 160|0x000000070be00000, 0x000000070be00000, 0x000000070bf00000|  0%| F|  |TAMS 0x000000070be00000, 0x000000070be00000| Untracked 
| 161|0x000000070bf00000, 0x000000070bf00000, 0x000000070c000000|  0%| F|  |TAMS 0x000000070bf00000, 0x000000070bf00000| Untracked 
| 162|0x000000070c000000, 0x000000070c000000, 0x000000070c100000|  0%| F|  |TAMS 0x000000070c000000, 0x000000070c000000| Untracked 
| 163|0x000000070c100000, 0x000000070c100000, 0x000000070c200000|  0%| F|  |TAMS 0x000000070c100000, 0x000000070c100000| Untracked 
| 164|0x000000070c200000, 0x000000070c200000, 0x000000070c300000|  0%| F|  |TAMS 0x000000070c200000, 0x000000070c200000| Untracked 
| 165|0x000000070c300000, 0x000000070c300000, 0x000000070c400000|  0%| F|  |TAMS 0x000000070c300000, 0x000000070c300000| Untracked 
| 166|0x000000070c400000, 0x000000070c400000, 0x000000070c500000|  0%| F|  |TAMS 0x000000070c400000, 0x000000070c400000| Untracked 
| 167|0x000000070c500000, 0x000000070c500000, 0x000000070c600000|  0%| F|  |TAMS 0x000000070c500000, 0x000000070c500000| Untracked 
| 168|0x000000070c600000, 0x000000070c600000, 0x000000070c700000|  0%| F|  |TAMS 0x000000070c600000, 0x000000070c600000| Untracked 
| 169|0x000000070c700000, 0x000000070c700000, 0x000000070c800000|  0%| F|  |TAMS 0x000000070c700000, 0x000000070c700000| Untracked 
| 170|0x000000070c800000, 0x000000070c800000, 0x000000070c900000|  0%| F|  |TAMS 0x000000070c800000, 0x000000070c800000| Untracked 
| 171|0x000000070c900000, 0x000000070c900000, 0x000000070ca00000|  0%| F|  |TAMS 0x000000070c900000, 0x000000070c900000| Untracked 
| 172|0x000000070ca00000, 0x000000070ca00000, 0x000000070cb00000|  0%| F|  |TAMS 0x000000070ca00000, 0x000000070ca00000| Untracked 
| 173|0x000000070cb00000, 0x000000070cb00000, 0x000000070cc00000|  0%| F|  |TAMS 0x000000070cb00000, 0x000000070cb00000| Untracked 
| 174|0x000000070cc00000, 0x000000070cc00000, 0x000000070cd00000|  0%| F|  |TAMS 0x000000070cc00000, 0x000000070cc00000| Untracked 
| 175|0x000000070cd00000, 0x000000070cd00000, 0x000000070ce00000|  0%| F|  |TAMS 0x000000070cd00000, 0x000000070cd00000| Untracked 
| 176|0x000000070ce00000, 0x000000070ce00000, 0x000000070cf00000|  0%| F|  |TAMS 0x000000070ce00000, 0x000000070ce00000| Untracked 
| 177|0x000000070cf00000, 0x000000070cf00000, 0x000000070d000000|  0%| F|  |TAMS 0x000000070cf00000, 0x000000070cf00000| Untracked 
| 178|0x000000070d000000, 0x000000070d000000, 0x000000070d100000|  0%| F|  |TAMS 0x000000070d000000, 0x000000070d000000| Untracked 
| 179|0x000000070d100000, 0x000000070d100000, 0x000000070d200000|  0%| F|  |TAMS 0x000000070d100000, 0x000000070d100000| Untracked 
| 180|0x000000070d200000, 0x000000070d200000, 0x000000070d300000|  0%| F|  |TAMS 0x000000070d200000, 0x000000070d200000| Untracked 
| 181|0x000000070d300000, 0x000000070d300000, 0x000000070d400000|  0%| F|  |TAMS 0x000000070d300000, 0x000000070d300000| Untracked 
| 182|0x000000070d400000, 0x000000070d400000, 0x000000070d500000|  0%| F|  |TAMS 0x000000070d400000, 0x000000070d400000| Untracked 
| 183|0x000000070d500000, 0x000000070d500000, 0x000000070d600000|  0%| F|  |TAMS 0x000000070d500000, 0x000000070d500000| Untracked 
| 184|0x000000070d600000, 0x000000070d677f88, 0x000000070d700000| 46%| S|CS|TAMS 0x000000070d600000, 0x000000070d600000| Complete 
| 185|0x000000070d700000, 0x000000070d800000, 0x000000070d800000|100%| S|CS|TAMS 0x000000070d700000, 0x000000070d700000| Complete 
| 186|0x000000070d800000, 0x000000070d900000, 0x000000070d900000|100%| S|CS|TAMS 0x000000070d800000, 0x000000070d800000| Complete 
| 187|0x000000070d900000, 0x000000070da00000, 0x000000070da00000|100%| S|CS|TAMS 0x000000070d900000, 0x000000070d900000| Complete 
| 188|0x000000070da00000, 0x000000070da00000, 0x000000070db00000|  0%| F|  |TAMS 0x000000070da00000, 0x000000070da00000| Untracked 
| 189|0x000000070db00000, 0x000000070db00000, 0x000000070dc00000|  0%| F|  |TAMS 0x000000070db00000, 0x000000070db00000| Untracked 
| 190|0x000000070dc00000, 0x000000070dc00000, 0x000000070dd00000|  0%| F|  |TAMS 0x000000070dc00000, 0x000000070dc00000| Untracked 
| 191|0x000000070dd00000, 0x000000070dd00000, 0x000000070de00000|  0%| F|  |TAMS 0x000000070dd00000, 0x000000070dd00000| Untracked 
| 192|0x000000070de00000, 0x000000070de00000, 0x000000070df00000|  0%| F|  |TAMS 0x000000070de00000, 0x000000070de00000| Untracked 
| 193|0x000000070df00000, 0x000000070df00000, 0x000000070e000000|  0%| F|  |TAMS 0x000000070df00000, 0x000000070df00000| Untracked 
| 194|0x000000070e000000, 0x000000070e000000, 0x000000070e100000|  0%| F|  |TAMS 0x000000070e000000, 0x000000070e000000| Untracked 
| 195|0x000000070e100000, 0x000000070e100000, 0x000000070e200000|  0%| F|  |TAMS 0x000000070e100000, 0x000000070e100000| Untracked 
| 196|0x000000070e200000, 0x000000070e200000, 0x000000070e300000|  0%| F|  |TAMS 0x000000070e200000, 0x000000070e200000| Untracked 
| 197|0x000000070e300000, 0x000000070e300000, 0x000000070e400000|  0%| F|  |TAMS 0x000000070e300000, 0x000000070e300000| Untracked 
| 198|0x000000070e400000, 0x000000070e400000, 0x000000070e500000|  0%| F|  |TAMS 0x000000070e400000, 0x000000070e400000| Untracked 
| 199|0x000000070e500000, 0x000000070e500000, 0x000000070e600000|  0%| F|  |TAMS 0x000000070e500000, 0x000000070e500000| Untracked 
| 200|0x000000070e600000, 0x000000070e600000, 0x000000070e700000|  0%| F|  |TAMS 0x000000070e600000, 0x000000070e600000| Untracked 
| 201|0x000000070e700000, 0x000000070e700000, 0x000000070e800000|  0%| F|  |TAMS 0x000000070e700000, 0x000000070e700000| Untracked 
| 202|0x000000070e800000, 0x000000070e800000, 0x000000070e900000|  0%| F|  |TAMS 0x000000070e800000, 0x000000070e800000| Untracked 
| 203|0x000000070e900000, 0x000000070e900000, 0x000000070ea00000|  0%| F|  |TAMS 0x000000070e900000, 0x000000070e900000| Untracked 
| 204|0x000000070ea00000, 0x000000070ea00000, 0x000000070eb00000|  0%| F|  |TAMS 0x000000070ea00000, 0x000000070ea00000| Untracked 
| 205|0x000000070eb00000, 0x000000070eb00000, 0x000000070ec00000|  0%| F|  |TAMS 0x000000070eb00000, 0x000000070eb00000| Untracked 
| 206|0x000000070ec00000, 0x000000070ec00000, 0x000000070ed00000|  0%| F|  |TAMS 0x000000070ec00000, 0x000000070ec00000| Untracked 
| 207|0x000000070ed00000, 0x000000070ed00000, 0x000000070ee00000|  0%| F|  |TAMS 0x000000070ed00000, 0x000000070ed00000| Untracked 
| 208|0x000000070ee00000, 0x000000070ee00000, 0x000000070ef00000|  0%| F|  |TAMS 0x000000070ee00000, 0x000000070ee00000| Untracked 
| 209|0x000000070ef00000, 0x000000070ef00000, 0x000000070f000000|  0%| F|  |TAMS 0x000000070ef00000, 0x000000070ef00000| Untracked 
| 210|0x000000070f000000, 0x000000070f000000, 0x000000070f100000|  0%| F|  |TAMS 0x000000070f000000, 0x000000070f000000| Untracked 
| 211|0x000000070f100000, 0x000000070f100000, 0x000000070f200000|  0%| F|  |TAMS 0x000000070f100000, 0x000000070f100000| Untracked 
| 212|0x000000070f200000, 0x000000070f200000, 0x000000070f300000|  0%| F|  |TAMS 0x000000070f200000, 0x000000070f200000| Untracked 
| 213|0x000000070f300000, 0x000000070f300000, 0x000000070f400000|  0%| F|  |TAMS 0x000000070f300000, 0x000000070f300000| Untracked 
| 214|0x000000070f400000, 0x000000070f400000, 0x000000070f500000|  0%| F|  |TAMS 0x000000070f400000, 0x000000070f400000| Untracked 
| 215|0x000000070f500000, 0x000000070f500000, 0x000000070f600000|  0%| F|  |TAMS 0x000000070f500000, 0x000000070f500000| Untracked 
| 216|0x000000070f600000, 0x000000070f600000, 0x000000070f700000|  0%| F|  |TAMS 0x000000070f600000, 0x000000070f600000| Untracked 
| 217|0x000000070f700000, 0x000000070f700000, 0x000000070f800000|  0%| F|  |TAMS 0x000000070f700000, 0x000000070f700000| Untracked 
| 218|0x000000070f800000, 0x000000070f800000, 0x000000070f900000|  0%| F|  |TAMS 0x000000070f800000, 0x000000070f800000| Untracked 
| 219|0x000000070f900000, 0x000000070f900000, 0x000000070fa00000|  0%| F|  |TAMS 0x000000070f900000, 0x000000070f900000| Untracked 
| 220|0x000000070fa00000, 0x000000070fa00000, 0x000000070fb00000|  0%| F|  |TAMS 0x000000070fa00000, 0x000000070fa00000| Untracked 
| 221|0x000000070fb00000, 0x000000070fb00000, 0x000000070fc00000|  0%| F|  |TAMS 0x000000070fb00000, 0x000000070fb00000| Untracked 
| 222|0x000000070fc00000, 0x000000070fc00000, 0x000000070fd00000|  0%| F|  |TAMS 0x000000070fc00000, 0x000000070fc00000| Untracked 
| 223|0x000000070fd00000, 0x000000070fd00000, 0x000000070fe00000|  0%| F|  |TAMS 0x000000070fd00000, 0x000000070fd00000| Untracked 
| 224|0x000000070fe00000, 0x000000070fe00000, 0x000000070ff00000|  0%| F|  |TAMS 0x000000070fe00000, 0x000000070fe00000| Untracked 
| 225|0x000000070ff00000, 0x000000070ff00000, 0x0000000710000000|  0%| F|  |TAMS 0x000000070ff00000, 0x000000070ff00000| Untracked 
| 226|0x0000000710000000, 0x0000000710000000, 0x0000000710100000|  0%| F|  |TAMS 0x0000000710000000, 0x0000000710000000| Untracked 
| 227|0x0000000710100000, 0x0000000710180800, 0x0000000710200000| 50%| E|  |TAMS 0x0000000710100000, 0x0000000710100000| Complete 
| 228|0x0000000710200000, 0x0000000710300000, 0x0000000710300000|100%| E|CS|TAMS 0x0000000710200000, 0x0000000710200000| Complete 
| 229|0x0000000710300000, 0x0000000710400000, 0x0000000710400000|100%| E|CS|TAMS 0x0000000710300000, 0x0000000710300000| Complete 
| 230|0x0000000710400000, 0x0000000710500000, 0x0000000710500000|100%| E|CS|TAMS 0x0000000710400000, 0x0000000710400000| Complete 
| 231|0x0000000710500000, 0x0000000710600000, 0x0000000710600000|100%| E|CS|TAMS 0x0000000710500000, 0x0000000710500000| Complete 
| 232|0x0000000710600000, 0x0000000710700000, 0x0000000710700000|100%| E|CS|TAMS 0x0000000710600000, 0x0000000710600000| Complete 
| 233|0x0000000710700000, 0x0000000710800000, 0x0000000710800000|100%| E|CS|TAMS 0x0000000710700000, 0x0000000710700000| Complete 
| 234|0x0000000710800000, 0x0000000710900000, 0x0000000710900000|100%| E|CS|TAMS 0x0000000710800000, 0x0000000710800000| Complete 
| 235|0x0000000710900000, 0x0000000710a00000, 0x0000000710a00000|100%| E|CS|TAMS 0x0000000710900000, 0x0000000710900000| Complete 
| 236|0x0000000710a00000, 0x0000000710b00000, 0x0000000710b00000|100%| E|CS|TAMS 0x0000000710a00000, 0x0000000710a00000| Complete 
| 237|0x0000000710b00000, 0x0000000710c00000, 0x0000000710c00000|100%| E|CS|TAMS 0x0000000710b00000, 0x0000000710b00000| Complete 
| 238|0x0000000710c00000, 0x0000000710d00000, 0x0000000710d00000|100%| E|CS|TAMS 0x0000000710c00000, 0x0000000710c00000| Complete 
| 239|0x0000000710d00000, 0x0000000710e00000, 0x0000000710e00000|100%| E|CS|TAMS 0x0000000710d00000, 0x0000000710d00000| Complete 
| 240|0x0000000710e00000, 0x0000000710f00000, 0x0000000710f00000|100%| E|CS|TAMS 0x0000000710e00000, 0x0000000710e00000| Complete 
| 241|0x0000000710f00000, 0x0000000711000000, 0x0000000711000000|100%| E|CS|TAMS 0x0000000710f00000, 0x0000000710f00000| Complete 
| 242|0x0000000711000000, 0x0000000711100000, 0x0000000711100000|100%| E|CS|TAMS 0x0000000711000000, 0x0000000711000000| Complete 
| 243|0x0000000711100000, 0x0000000711200000, 0x0000000711200000|100%| E|CS|TAMS 0x0000000711100000, 0x0000000711100000| Complete 
| 244|0x0000000711200000, 0x0000000711300000, 0x0000000711300000|100%| E|CS|TAMS 0x0000000711200000, 0x0000000711200000| Complete 
| 245|0x0000000711300000, 0x0000000711400000, 0x0000000711400000|100%| E|CS|TAMS 0x0000000711300000, 0x0000000711300000| Complete 
| 246|0x0000000711400000, 0x0000000711500000, 0x0000000711500000|100%| E|CS|TAMS 0x0000000711400000, 0x0000000711400000| Complete 
| 247|0x0000000711500000, 0x0000000711600000, 0x0000000711600000|100%| E|CS|TAMS 0x0000000711500000, 0x0000000711500000| Complete 
| 248|0x0000000711600000, 0x0000000711700000, 0x0000000711700000|100%| E|CS|TAMS 0x0000000711600000, 0x0000000711600000| Complete 
| 249|0x0000000711700000, 0x0000000711800000, 0x0000000711800000|100%| E|CS|TAMS 0x0000000711700000, 0x0000000711700000| Complete 
| 250|0x0000000711800000, 0x0000000711900000, 0x0000000711900000|100%| E|CS|TAMS 0x0000000711800000, 0x0000000711800000| Complete 
| 251|0x0000000711900000, 0x0000000711a00000, 0x0000000711a00000|100%| E|CS|TAMS 0x0000000711900000, 0x0000000711900000| Complete 
| 252|0x0000000711a00000, 0x0000000711b00000, 0x0000000711b00000|100%| E|CS|TAMS 0x0000000711a00000, 0x0000000711a00000| Complete 
| 253|0x0000000711b00000, 0x0000000711c00000, 0x0000000711c00000|100%| E|CS|TAMS 0x0000000711b00000, 0x0000000711b00000| Complete 
| 254|0x0000000711c00000, 0x0000000711d00000, 0x0000000711d00000|100%| E|CS|TAMS 0x0000000711c00000, 0x0000000711c00000| Complete 
| 255|0x0000000711d00000, 0x0000000711e00000, 0x0000000711e00000|100%| E|CS|TAMS 0x0000000711d00000, 0x0000000711d00000| Complete 

Card table byte_map: [0x0000020330540000,0x0000020330d40000] _byte_map_base: 0x000002032cd31000

Marking Bits (Prev, Next): (CMBitMap*) 0x000002031c3cf570, (CMBitMap*) 0x000002031c3cf538
 Prev Bits: [0x00000203354d0000, 0x0000020339458000)
 Next Bits: [0x0000020331540000, 0x00000203354c8000)

Polling page: 0x000002031a9a0000

Metaspace:

Usage:
  Non-class:     28.72 MB capacity,    28.01 MB ( 98%) used,   593.42 KB (  2%) free+waste,   130.13 KB ( <1%) overhead. 
      Class:      4.92 MB capacity,     4.48 MB ( 91%) used,   392.73 KB (  8%) free+waste,    65.75 KB (  1%) overhead. 
       Both:     33.64 MB capacity,    32.49 MB ( 97%) used,   986.15 KB (  3%) free+waste,   195.88 KB ( <1%) overhead. 

Virtual space:
  Non-class space:       30.00 MB reserved,      28.75 MB ( 96%) committed 
      Class space:        1.00 GB reserved,       5.00 MB ( <1%) committed 
             Both:        1.03 GB reserved,      33.75 MB (  3%) committed 

Chunk freelists:
   Non-Class:  31.00 KB
       Class:  13.00 KB
        Both:  44.00 KB

CodeHeap 'non-profiled nmethods': size=120000Kb used=1837Kb max_used=1837Kb free=118162Kb
 bounds [0x0000020327db0000, 0x0000020328020000, 0x000002032f2e0000]
CodeHeap 'profiled nmethods': size=120000Kb used=8040Kb max_used=8040Kb free=111959Kb
 bounds [0x0000020320880000, 0x0000020321060000, 0x0000020327db0000]
CodeHeap 'non-nmethods': size=5760Kb used=1176Kb max_used=1222Kb free=4583Kb
 bounds [0x00000203202e0000, 0x0000020320550000, 0x0000020320880000]
 total_blobs=4894 nmethods=3563 adapters=422
 compilation: enabled
              stopped_count=0, restarted_count=0
 full_count=0

Compilation events (10 events):
Event: 3.302 Thread 0x000002033c874000 nmethod 3573 0x0000020321058790 code [0x0000020321058980, 0x0000020321058e50]
Event: 3.309 Thread 0x000002033c874000 3575       3       java.lang.Integer::reverseBytes (26 bytes)
Event: 3.309 Thread 0x000002033c874000 nmethod 3575 0x0000020321059010 code [0x00000203210591c0, 0x0000020321059338]
Event: 3.310 Thread 0x000002033c874000 3577       3       sun.security.provider.SHA::implCompress0 (482 bytes)
Event: 3.311 Thread 0x000002033c874000 nmethod 3577 0x0000020321059410 code [0x0000020321059640, 0x0000020321059f98]
Event: 3.314 Thread 0x000002033e4b6000 nmethod 3570 0x0000020327f69790 code [0x0000020327f699a0, 0x0000020327f6b068]
Event: 3.314 Thread 0x000002033e4b6000 3572 % !   4       java.util.concurrent.ConcurrentHashMap::transfer @ 96 (828 bytes)
Event: 3.334 Thread 0x000002033e4b6000 nmethod 3572% 0x0000020327f6bd10 code [0x0000020327f6bee0, 0x0000020327f6d338]
Event: 3.334 Thread 0x000002033e4b6000 3576       4       java.lang.Integer::reverseBytes (26 bytes)
Event: 3.335 Thread 0x000002033e4b6000 nmethod 3576 0x0000020327f6da10 code [0x0000020327f6dba0, 0x0000020327f6dc18]

GC Heap History (6 events):
Event: 0.582 GC heap before
{Heap before GC invocations=0 (full 0):
 garbage-first heap   total 262144K, used 23552K [0x0000000701e00000, 0x0000000800000000)
  region size 1024K, 24 young (24576K), 0 survivors (0K)
 Metaspace       used 3057K, capacity 5778K, committed 6016K, reserved 1056768K
  class space    used 350K, capacity 610K, committed 640K, reserved 1048576K
}
Event: 0.586 GC heap after
{Heap after GC invocations=1 (full 0):
 garbage-first heap   total 262144K, used 6033K [0x0000000701e00000, 0x0000000800000000)
  region size 1024K, 3 young (3072K), 3 survivors (3072K)
 Metaspace       used 3057K, capacity 5778K, committed 6016K, reserved 1056768K
  class space    used 350K, capacity 610K, committed 640K, reserved 1048576K
}
Event: 2.069 GC heap before
{Heap before GC invocations=1 (full 0):
 garbage-first heap   total 262144K, used 111505K [0x0000000701e00000, 0x0000000800000000)
  region size 1024K, 107 young (109568K), 3 survivors (3072K)
 Metaspace       used 20432K, capacity 21170K, committed 21248K, reserved 1067008K
  class space    used 2941K, capacity 3273K, committed 3328K, reserved 1048576K
}
Event: 2.083 GC heap after
{Heap after GC invocations=2 (full 0):
 garbage-first heap   total 262144K, used 10813K [0x0000000701e00000, 0x0000000800000000)
  region size 1024K, 8 young (8192K), 8 survivors (8192K)
 Metaspace       used 20432K, capacity 21170K, committed 21248K, reserved 1067008K
  class space    used 2941K, capacity 3273K, committed 3328K, reserved 1048576K
}
Event: 2.887 GC heap before
{Heap before GC invocations=3 (full 0):
 garbage-first heap   total 262144K, used 79421K [0x0000000701e00000, 0x0000000800000000)
  region size 1024K, 76 young (77824K), 8 survivors (8192K)
 Metaspace       used 29847K, capacity 30787K, committed 30848K, reserved 1075200K
  class space    used 4064K, capacity 4465K, committed 4480K, reserved 1048576K
}
Event: 2.896 GC heap after
{Heap after GC invocations=4 (full 0):
 garbage-first heap   total 262144K, used 14418K [0x0000000701e00000, 0x0000000800000000)
  region size 1024K, 4 young (4096K), 4 survivors (4096K)
 Metaspace       used 29847K, capacity 30787K, committed 30848K, reserved 1075200K
  class space    used 4064K, capacity 4465K, committed 4480K, reserved 1048576K
}

Deoptimization events (10 events):
Event: 3.286 Thread 0x000002031c36b000 Uncommon trap: trap_request=0xffffff4d fr.pc=0x0000020327f41bc8 relative=0x00000000000004e8
Event: 3.286 Thread 0x000002031c36b000 Uncommon trap: reason=unstable_if action=reinterpret pc=0x0000020327f41bc8 method=java.util.Properties.loadConvert([CII[C)Ljava/lang/String; @ 57 c2
Event: 3.286 Thread 0x000002031c36b000 DEOPT PACKING pc=0x0000020327f41bc8 sp=0x000000da550fb720
Event: 3.286 Thread 0x000002031c36b000 DEOPT UNPACKING pc=0x00000203203092af sp=0x000000da550fb6b0 mode 2
Event: 3.286 Thread 0x000002031c36b000 Uncommon trap: trap_request=0xffffff4d fr.pc=0x0000020327ed8944 relative=0x00000000000005a4
Event: 3.286 Thread 0x000002031c36b000 Uncommon trap: reason=unstable_if action=reinterpret pc=0x0000020327ed8944 method=java.util.Properties$LineReader.readLine()I @ 369 c2
Event: 3.286 Thread 0x000002031c36b000 DEOPT PACKING pc=0x0000020327ed8944 sp=0x000000da550fb710
Event: 3.286 Thread 0x000002031c36b000 DEOPT UNPACKING pc=0x00000203203092af sp=0x000000da550fb6b0 mode 2
Event: 3.287 Thread 0x000002031c36b000 DEOPT PACKING pc=0x00000203210531ec sp=0x000000da550fb6d0
Event: 3.287 Thread 0x000002031c36b000 DEOPT UNPACKING pc=0x00000203203090ce sp=0x000000da550fabb0 mode 0

Classes redefined (0 events):
No events

Internal exceptions (10 events):
Event: 3.266 Thread 0x000002031c36b000 Exception <a 'java/lang/ClassNotFoundException'{0x00000007104d0508}: org/springframework/boot/web/servlet/ServletRegistrationBeanCustomizer> (0x00000007104d0508) thrown at [c:/BuildAgent/work/5ff2f6c26000d570/src/hotspot/share/classfile/systemDictionary.c
Event: 3.267 Thread 0x000002031c36b000 Exception <a 'java/lang/ClassNotFoundException'{0x00000007104efac0}: org/springframework/boot/autoconfigure/web/servlet/DispatcherServletRegistrationBeanCustomizer> (0x00000007104efac0) thrown at [c:/BuildAgent/work/5ff2f6c26000d570/src/hotspot/share/clas
Event: 3.269 Thread 0x000002031c36b000 Exception <a 'java/lang/ClassNotFoundException'{0x0000000710314f28}: org/springframework/boot/autoconfigure/web/servlet/DispatcherServletPathCustomizer> (0x0000000710314f28) thrown at [c:/BuildAgent/work/5ff2f6c26000d570/src/hotspot/share/classfile/system
Event: 3.270 Thread 0x000002031c36b000 Exception <a 'java/lang/ClassNotFoundException'{0x000000071032b328}: org/springframework/boot/web/servlet/ServletContextInitializerCustomizer> (0x000000071032b328) thrown at [c:/BuildAgent/work/5ff2f6c26000d570/src/hotspot/share/classfile/systemDictionary
Event: 3.270 Thread 0x000002031c36b000 Exception <a 'java/lang/ClassNotFoundException'{0x00000007103395e0}: org/springframework/core/OrderedCustomizer> (0x00000007103395e0) thrown at [c:/BuildAgent/work/5ff2f6c26000d570/src/hotspot/share/classfile/systemDictionary.cpp, line 231]
Event: 3.271 Thread 0x000002031c36b000 Exception <a 'java/lang/ClassNotFoundException'{0x0000000710342120}: java/lang/ObjectCustomizer> (0x0000000710342120) thrown at [c:/BuildAgent/work/5ff2f6c26000d570/src/hotspot/share/classfile/systemDictionary.cpp, line 231]
Event: 3.272 Thread 0x000002031c36b000 Exception <a 'java/lang/ClassNotFoundException'{0x000000071035b988}: org/springframework/boot/autoconfigure/web/servlet/error/ErrorMvcAutoConfiguration$ErrorPageCustomizerCustomizer> (0x000000071035b988) thrown at [c:/BuildAgent/work/5ff2f6c26000d570/src/
Event: 3.273 Thread 0x000002031c36b000 Exception <a 'java/lang/ClassNotFoundException'{0x0000000710370338}: org/springframework/boot/web/server/ErrorPageRegistrarCustomizer> (0x0000000710370338) thrown at [c:/BuildAgent/work/5ff2f6c26000d570/src/hotspot/share/classfile/systemDictionary.cpp, li
Event: 3.273 Thread 0x000002031c36b000 Exception <a 'java/lang/ClassNotFoundException'{0x000000071037e490}: org/springframework/core/OrderedCustomizer> (0x000000071037e490) thrown at [c:/BuildAgent/work/5ff2f6c26000d570/src/hotspot/share/classfile/systemDictionary.cpp, line 231]
Event: 3.304 Thread 0x000002031c36b000 Exception <a 'java/lang/NoSuchMethodError'{0x000000071013b648}: 'java.lang.Object java.lang.invoke.DirectMethodHandle$Holder.invokeStaticInit(java.lang.Object, int, int, int, int)'> (0x000000071013b648) thrown at [c:/BuildAgent/work/5ff2f6c26000d570/src/h

Events (10 events):
Event: 3.308 loading class sun/security/provider/SeedGenerator$1
Event: 3.308 loading class sun/security/provider/SeedGenerator$1 done
Event: 3.308 loading class sun/security/provider/ByteArrayAccess
Event: 3.309 loading class sun/security/provider/ByteArrayAccess done
Event: 3.311 loading class java/net/NetworkInterface$1
Event: 3.311 loading class java/net/NetworkInterface$1 done
Event: 3.311 loading class java/net/InterfaceAddress
Event: 3.311 loading class java/net/InterfaceAddress done
Event: 3.311 loading class java/net/DefaultInterface
Event: 3.311 loading class java/net/DefaultInterface done


Dynamic libraries:
0x00007ff6162e0000 - 0x00007ff616327000 	C:\Program Files\JetBrains\IntelliJ IDEA Community Edition 2019.2.3\jbr\bin\java.exe
0x00007fff23840000 - 0x00007fff23a30000 	C:\WINDOWS\SYSTEM32\ntdll.dll
0x00007fff235a0000 - 0x00007fff23652000 	C:\WINDOWS\System32\KERNEL32.DLL
0x00007fff232f0000 - 0x00007fff23593000 	C:\WINDOWS\System32\KERNELBASE.dll
0x00007fff23660000 - 0x00007fff237f3000 	C:\WINDOWS\System32\USER32.dll
0x00007fff212e0000 - 0x00007fff21301000 	C:\WINDOWS\System32\win32u.dll
0x00007fff22730000 - 0x00007fff22756000 	C:\WINDOWS\System32\GDI32.dll
0x00007fff21460000 - 0x00007fff215f4000 	C:\WINDOWS\System32\gdi32full.dll
0x00007fff210c0000 - 0x00007fff2115e000 	C:\WINDOWS\System32\msvcp_win.dll
0x00007fff21160000 - 0x00007fff2125a000 	C:\WINDOWS\System32\ucrtbase.dll
0x00007ffeffbb0000 - 0x00007ffeffe35000 	C:\WINDOWS\WinSxS\amd64_microsoft.windows.common-controls_6595b64144ccf1df_6.0.18362.356_none_e6c4af7d130f27cc\COMCTL32.dll
0x00007fff22f10000 - 0x00007fff22fae000 	C:\WINDOWS\System32\msvcrt.dll
0x00007fff22120000 - 0x00007fff22456000 	C:\WINDOWS\System32\combase.dll
0x00007fff22460000 - 0x00007fff22580000 	C:\WINDOWS\System32\RPCRT4.dll
0x00007fff21260000 - 0x00007fff212e0000 	C:\WINDOWS\System32\bcryptPrimitives.dll
0x00007fff21760000 - 0x00007fff2178e000 	C:\WINDOWS\System32\IMM32.DLL
0x00007fff079d0000 - 0x00007fff079e7000 	C:\Program Files\JetBrains\IntelliJ IDEA Community Edition 2019.2.3\jbr\bin\vcruntime140.dll
0x00007ffefcdf0000 - 0x00007ffefce8d000 	C:\Program Files\JetBrains\IntelliJ IDEA Community Edition 2019.2.3\jbr\bin\msvcp140.dll
0x00007ffecdff0000 - 0x00007ffeceaa8000 	C:\Program Files\JetBrains\IntelliJ IDEA Community Edition 2019.2.3\jbr\bin\server\jvm.dll
0x00007fff230d0000 - 0x00007fff23173000 	C:\WINDOWS\System32\ADVAPI32.dll
0x00007fff22850000 - 0x00007fff228e7000 	C:\WINDOWS\System32\sechost.dll
0x00007fff22710000 - 0x00007fff22718000 	C:\WINDOWS\System32\PSAPI.DLL
0x00007fff06910000 - 0x00007fff06919000 	C:\WINDOWS\SYSTEM32\WSOCK32.dll
0x00007fff1ac20000 - 0x00007fff1ac44000 	C:\WINDOWS\SYSTEM32\WINMM.dll
0x00007fff1aef0000 - 0x00007fff1aefa000 	C:\WINDOWS\SYSTEM32\VERSION.dll
0x00007fff22760000 - 0x00007fff227cf000 	C:\WINDOWS\System32\WS2_32.dll
0x00007fff19ec0000 - 0x00007fff19eed000 	C:\WINDOWS\SYSTEM32\winmmbase.dll
0x00007fff21020000 - 0x00007fff2106a000 	C:\WINDOWS\System32\cfgmgr32.dll
0x00007fff20770000 - 0x00007fff20781000 	C:\WINDOWS\System32\kernel.appcore.dll
0x00007fff13f90000 - 0x00007fff13fa1000 	C:\Program Files\JetBrains\IntelliJ IDEA Community Edition 2019.2.3\jbr\bin\verify.dll
0x00007fff11570000 - 0x00007fff11764000 	C:\WINDOWS\SYSTEM32\DBGHELP.DLL
0x00007fff0ae70000 - 0x00007fff0ae9a000 	C:\WINDOWS\SYSTEM32\dbgcore.DLL
0x00007fff11800000 - 0x00007fff11829000 	C:\Program Files\JetBrains\IntelliJ IDEA Community Edition 2019.2.3\jbr\bin\java.dll
0x00007fff06050000 - 0x00007fff06084000 	C:\Program Files\JetBrains\IntelliJ IDEA Community Edition 2019.2.3\jbr\bin\instrument.dll
0x00007fff11fa0000 - 0x00007fff11fb7000 	C:\Program Files\JetBrains\IntelliJ IDEA Community Edition 2019.2.3\jbr\bin\zip.dll
0x00007fff1b930000 - 0x00007fff1b93b000 	C:\Program Files\JetBrains\IntelliJ IDEA Community Edition 2019.2.3\jbr\bin\jimage.dll
0x00007fff21790000 - 0x00007fff21e75000 	C:\WINDOWS\System32\SHELL32.dll
0x00007fff23020000 - 0x00007fff230c9000 	C:\WINDOWS\System32\shcore.dll
0x00007fff208a0000 - 0x00007fff2101e000 	C:\WINDOWS\System32\windows.storage.dll
0x00007fff206e0000 - 0x00007fff206ff000 	C:\WINDOWS\System32\profapi.dll
0x00007fff20720000 - 0x00007fff2076a000 	C:\WINDOWS\System32\powrprof.dll
0x00007fff206d0000 - 0x00007fff206e0000 	C:\WINDOWS\System32\UMPDC.dll
0x00007fff22630000 - 0x00007fff22682000 	C:\WINDOWS\System32\shlwapi.dll
0x00007fff21070000 - 0x00007fff21087000 	C:\WINDOWS\System32\cryptsp.dll
0x00007fff11e10000 - 0x00007fff11e2a000 	C:\Program Files\JetBrains\IntelliJ IDEA Community Edition 2019.2.3\jbr\bin\net.dll
0x00007fff142a0000 - 0x00007fff14390000 	C:\WINDOWS\SYSTEM32\WINHTTP.dll
0x00007fff10850000 - 0x00007fff10a26000 	C:\WINDOWS\SYSTEM32\urlmon.dll
0x00007fff105a0000 - 0x00007fff10846000 	C:\WINDOWS\SYSTEM32\iertutil.dll
0x00007fff20110000 - 0x00007fff2011c000 	C:\WINDOWS\SYSTEM32\CRYPTBASE.DLL
0x00007fff1ff40000 - 0x00007fff1ffa7000 	C:\WINDOWS\system32\mswsock.dll
0x00007fff117e0000 - 0x00007fff117f4000 	C:\Program Files\JetBrains\IntelliJ IDEA Community Edition 2019.2.3\jbr\bin\nio.dll
0x00007fff1a5a0000 - 0x00007fff1a5ba000 	C:\Program Files\JetBrains\IntelliJ IDEA Community Edition 2019.2.3\bin\breakgen64.dll
0x00007fff1af00000 - 0x00007fff1af0a000 	C:\Program Files\JetBrains\IntelliJ IDEA Community Edition 2019.2.3\jbr\bin\management.dll
0x00007fff1a020000 - 0x00007fff1a02c000 	C:\Program Files\JetBrains\IntelliJ IDEA Community Edition 2019.2.3\jbr\bin\management_ext.dll
0x00007fff06a40000 - 0x00007fff06a56000 	C:\WINDOWS\system32\napinsp.dll
0x00007fff06a20000 - 0x00007fff06a3a000 	C:\WINDOWS\system32\pnrpnsp.dll
0x00007fff1fca0000 - 0x00007fff1fd6a000 	C:\WINDOWS\SYSTEM32\DNSAPI.dll
0x00007fff22fb0000 - 0x00007fff22fb8000 	C:\WINDOWS\System32\NSI.dll
0x00007fff1fc50000 - 0x00007fff1fc8a000 	C:\WINDOWS\SYSTEM32\IPHLPAPI.DLL
0x00007fff06680000 - 0x00007fff0668e000 	C:\WINDOWS\System32\winrnr.dll
0x00007fff1e680000 - 0x00007fff1e69c000 	C:\WINDOWS\system32\NLAapi.dll
0x00007fff1c240000 - 0x00007fff1c255000 	C:\WINDOWS\system32\wshbth.dll
0x00007fff16450000 - 0x00007fff1645a000 	C:\Windows\System32\rasadhlp.dll
0x00007fff1b880000 - 0x00007fff1b8f7000 	C:\WINDOWS\System32\fwpuclnt.dll
0x00007fff21090000 - 0x00007fff210b6000 	C:\WINDOWS\System32\bcrypt.dll
0x00007fff1fab0000 - 0x00007fff1fae3000 	C:\WINDOWS\system32\rsaenh.dll
0x00007fff205f0000 - 0x00007fff20615000 	C:\WINDOWS\SYSTEM32\USERENV.dll
0x00007fff1b260000 - 0x00007fff1b276000 	C:\WINDOWS\SYSTEM32\dhcpcsvc6.DLL
0x00007fff1b240000 - 0x00007fff1b25c000 	C:\WINDOWS\SYSTEM32\dhcpcsvc.DLL

dbghelp: loaded successfully - version: 4.0.5 - missing functions: none
symbol engine: initialized successfully - sym options: 0x614 - pdb path: .;C:\Program Files\JetBrains\IntelliJ IDEA Community Edition 2019.2.3\jbr\bin;C:\WINDOWS\SYSTEM32;C:\WINDOWS\WinSxS\amd64_microsoft.windows.common-controls_6595b64144ccf1df_6.0.18362.356_none_e6c4af7d130f27cc;C:\Program Files\JetBrains\IntelliJ IDEA Community Edition 2019.2.3\jbr\bin\server;C:\Program Files\JetBrains\IntelliJ IDEA Community Edition 2019.2.3\bin

VM Arguments:
jvm_args: -ea -Didea.test.cyclic.buffer.size=1048576 -javaagent:C:\Program Files\JetBrains\IntelliJ IDEA Community Edition 2019.2.3\lib\idea_rt.jar=51238:C:\Program Files\JetBrains\IntelliJ IDEA Community Edition 2019.2.3\bin -Dfile.encoding=UTF-8 
java_command: com.intellij.rt.execution.junit.JUnitStarter -ideVersion5 -junit5 no.henrik.insurance.example.controller.InsuranceControllerUnitTest,shouldTestExceptionWhenCreatingCustomer
java_class_path (initial): C:\Program Files\JetBrains\IntelliJ IDEA Community Edition 2019.2.3\lib\idea_rt.jar;C:\Program Files\JetBrains\IntelliJ IDEA Community Edition 2019.2.3\plugins\junit\lib\junit-rt.jar;C:\Program Files\JetBrains\IntelliJ IDEA Community Edition 2019.2.3\plugins\junit\lib\junit5-rt.jar;C:\Users\hhahne\.m2\repository\org\junit\platform\junit-platform-launcher\1.5.2\junit-platform-launcher-1.5.2.jar;C:\Users\hhahne\.m2\repository\org\apiguardian\apiguardian-api\1.1.0\apiguardian-api-1.1.0.jar;C:\Users\hhahne\.m2\repository\org\junit\platform\junit-platform-engine\1.5.2\junit-platform-engine-1.5.2.jar;C:\Users\hhahne\.m2\repository\org\opentest4j\opentest4j\1.2.0\opentest4j-1.2.0.jar;C:\Users\hhahne\.m2\repository\org\junit\platform\junit-platform-commons\1.5.2\junit-platform-commons-1.5.2.jar;C:\Users\hhahne\IdeaProjects\example\target\test-classes;C:\Users\hhahne\IdeaProjects\example\target\classes;C:\Users\hhahne\.m2\repository\org\springframework\boot\spring-boot-starter-web\2.2.1.RELEASE\spring-boot-starter-web-2.2.1.RELEASE.jar;C:\Users\hhahne\.m2\repository\org\springframework\boot\spring-boot-starter\2.2.1.RELEASE\spring-boot-starter-2.2.1.RELEASE.jar;C:\Users\hhahne\.m2\repository\org\springframework\boot\spring-boot\2.2.1.RELEASE\spring-boot-2.2.1.RELEASE.jar;C:\Users\hhahne\.m2\repository\org\springframework\boot\spring-boot-autoconfigure\2.2.1.RELEASE\spring-boot-autoconfigure-2.2.1.RELEASE.jar;C:\Users\hhahne\.m2\repository\org\springframework\boot\spring-boot-starter-logging\2.2.1.RELEASE\spring-boot-starter-logging-2.2.1.RELEASE.jar;C:\Users\hhahne\.m2\repository\ch\qos\logback\logback-classic\1.2.3\logback-classic-1.2.3.jar;C:\Users\hhahne\.m2\repository\ch\qos\logback\logback-core\1.2.3\logback-core-1.2.3.jar;C:\Users\hhahne\.m2\repository\org\apache\logging\log4j\log4j-to-slf4j\2.12.1\log4j-to-slf4j-2.12.1.jar;C:\Users\hhahne\.m2\repository\org\apache\logging\log4j\log4j-api\2.12.1\log4j-api-2.12.1.jar;C:\Users\hhahne\.m2\repo
Launcher Type: SUN_STANDARD

[Global flags]
     intx CICompilerCount                          = 4                                         {product} {ergonomic}
     uint ConcGCThreads                            = 2                                         {product} {ergonomic}
     uint G1ConcRefinementThreads                  = 8                                         {product} {ergonomic}
   size_t G1HeapRegionSize                         = 1048576                                   {product} {ergonomic}
    uintx GCDrainStackTargetSize                   = 64                                        {product} {ergonomic}
   size_t InitialHeapSize                          = 268435456                                 {product} {ergonomic}
   size_t MarkStackSize                            = 4194304                                   {product} {ergonomic}
   size_t MaxHeapSize                              = 4263510016                                {product} {ergonomic}
   size_t MaxNewSize                               = 2557476864                                {product} {ergonomic}
   size_t MinHeapDeltaBytes                        = 1048576                                   {product} {ergonomic}
    uintx NonNMethodCodeHeapSize                   = 5835340                                {pd product} {ergonomic}
    uintx NonProfiledCodeHeapSize                  = 122911450                              {pd product} {ergonomic}
    uintx ProfiledCodeHeapSize                     = 122911450                              {pd product} {ergonomic}
    uintx ReservedCodeCacheSize                    = 251658240                              {pd product} {ergonomic}
     bool SegmentedCodeCache                       = true                                      {product} {ergonomic}
     bool UseCompressedClassPointers               = true                                 {lp64_product} {ergonomic}
     bool UseCompressedOops                        = true                                 {lp64_product} {ergonomic}
     bool UseG1GC                                  = true                                      {product} {ergonomic}
     bool UseLargePagesIndividualAllocation        = false                                  {pd product} {ergonomic}

Logging:
Log output configuration:
 #0: stdout all=warning uptime,level,tags
 #1: stderr all=off uptime,level,tags

Environment Variables:
JAVA_HOME=C:\Program Files\Java\jdk-13.0.1
PATH=C:\Program Files (x86)\Microsoft SDKs\Azure\CLI2\wbin;C:\WINDOWS\system32;C:\WINDOWS;C:\WINDOWS\System32\Wbem;C:\WINDOWS\System32\WindowsPowerShell\v1.0\;C:\Windows\CCM;C:\WINDOWS\System32\OpenSSH\;C:\Program Files\dotnet\;C:\Program Files\Microsoft SQL Server\130\Tools\Binn\;C:\Program Files\Microsoft SQL Server\Client SDK\ODBC\170\Tools\Binn\;C:\Program Files\Java\jdk-13.0.1\bin;C:\gradle\gradle-6.0\bin;C:\Users\hhahne\AppData\Local\Microsoft\WindowsApps;;C:\Program Files\JetBrains\IntelliJ IDEA Community Edition 2019.2.3\bin;C:\Users\hhahne\.dotnet\tools
USERNAME=hhahne
OS=Windows_NT
PROCESSOR_IDENTIFIER=Intel64 Family 6 Model 158 Stepping 9, GenuineIntel



---------------  S Y S T E M  ---------------

OS: Windows 10 , 64 bit Build 18362 (10.0.18362.329)

CPU:total 8 (initial active 8) (4 cores per cpu, 2 threads per core) family 6 model 158 stepping 9, cmov, cx8, fxsr, mmx, sse, sse2, sse3, ssse3, sse4.1, sse4.2, popcnt, avx, avx2, aes, clmul, erms, rtm, 3dnowpref, lzcnt, ht, tsc, tscinvbit, bmi1, bmi2, adx, fma

Memory: 4k page, system-wide physical 16263M (2738M free)
TotalPageFile size 16263M (AvailPageFile size 16M)
current process WorkingSet (physical memory assigned to process): 274M, peak: 285M
current process commit charge ("private bytes"): 438M, peak: 450M

vm_info: OpenJDK 64-Bit Server VM (11.0.4+10-b304.69) for windows-amd64 JRE (11.0.4+10-b304.69), built on Sep  9 2019 11:39:50 by "" with MS VC++ 14.0 (VS2015)

END.
